<?xml version="1.0" encoding="UTF-8"?>
<!-- Generated by org.testng.reporters.JUnitXMLReporter -->
<testsuite hostname="Eight" ignored="0" name="Default test" tests="4" failures="0" timestamp="30 Apr 2018 21:03:08 GMT" time="53.275" errors="0">
  <testcase name="UpdateDescription" time="12.999" classname="ionSupply_TestSuite_TestNG.Items"/>
  <testcase name="UpdateDescription" time="12.942" classname="ionSupply_TestSuite_TestNG.Items"/>
  <testcase name="UpdateDescription" time="12.926" classname="ionSupply_TestSuite_TestNG.Items"/>
  <testcase name="UpdateDescription" time="12.907" classname="ionSupply_TestSuite_TestNG.Items"/>
</testsuite> <!-- Default test -->
