<?xml version="1.0" encoding="UTF-8"?>
<testng-results skipped="0" failed="0" ignored="0" total="4" passed="4">
  <reporter-output>
  </reporter-output>
  <suite name="Default suite" duration-ms="53275" started-at="2018-04-30T21:02:15Z" finished-at="2018-04-30T21:03:08Z">
    <groups>
    </groups>
    <test name="Default test" duration-ms="53275" started-at="2018-04-30T21:02:15Z" finished-at="2018-04-30T21:03:08Z">
      <class name="ionSupply_TestSuite_TestNG.Items">
        <test-method status="PASS" signature="beforeSuite()[pri:0, instance:ionSupply_TestSuite_TestNG.Items@6d4b1c02]" name="beforeSuite" is-config="true" duration-ms="8102" started-at="2018-04-30T21:02:07Z" finished-at="2018-04-30T21:02:15Z">
          <reporter-output>
          </reporter-output>
        </test-method> <!-- beforeSuite -->
        <test-method status="PASS" signature="UpdateDescription(java.lang.String)[pri:0, instance:ionSupply_TestSuite_TestNG.Items@6d4b1c02]" name="UpdateDescription" duration-ms="12999" started-at="2018-04-30T21:02:16Z" data-provider="Items_dp" finished-at="2018-04-30T21:02:29Z">
          <params>
            <param index="0">
              <value>
                <![CDATA[Batch of 100 uncooked pie crusts]]>
              </value>
            </param>
          </params>
          <reporter-output>
          </reporter-output>
        </test-method> <!-- UpdateDescription -->
        <test-method status="PASS" signature="UpdateDescription(java.lang.String)[pri:0, instance:ionSupply_TestSuite_TestNG.Items@6d4b1c02]" name="UpdateDescription" duration-ms="12942" started-at="2018-04-30T21:02:29Z" data-provider="Items_dp" finished-at="2018-04-30T21:02:42Z">
          <params>
            <param index="0">
              <value>
                <![CDATA[Test Description,+@]]>
              </value>
            </param>
          </params>
          <reporter-output>
          </reporter-output>
        </test-method> <!-- UpdateDescription -->
        <test-method status="PASS" signature="UpdateDescription(java.lang.String)[pri:0, instance:ionSupply_TestSuite_TestNG.Items@6d4b1c02]" name="UpdateDescription" duration-ms="12926" started-at="2018-04-30T21:02:42Z" data-provider="Items_dp" finished-at="2018-04-30T21:02:55Z">
          <params>
            <param index="0">
              <value>
                <![CDATA[Batch of 100 uncooked pie crusts]]>
              </value>
            </param>
          </params>
          <reporter-output>
          </reporter-output>
        </test-method> <!-- UpdateDescription -->
        <test-method status="PASS" signature="UpdateDescription(java.lang.String)[pri:0, instance:ionSupply_TestSuite_TestNG.Items@6d4b1c02]" name="UpdateDescription" duration-ms="12907" started-at="2018-04-30T21:02:55Z" data-provider="Items_dp" finished-at="2018-04-30T21:03:08Z">
          <params>
            <param index="0">
              <value>
                <![CDATA[Test Description,+@]]>
              </value>
            </param>
          </params>
          <reporter-output>
          </reporter-output>
        </test-method> <!-- UpdateDescription -->
        <test-method status="PASS" signature="afterSuite()[pri:0, instance:ionSupply_TestSuite_TestNG.Items@6d4b1c02]" name="afterSuite" is-config="true" duration-ms="899" started-at="2018-04-30T21:03:08Z" finished-at="2018-04-30T21:03:09Z">
          <reporter-output>
          </reporter-output>
        </test-method> <!-- afterSuite -->
      </class> <!-- ionSupply_TestSuite_TestNG.Items -->
    </test> <!-- Default test -->
  </suite> <!-- Default suite -->
</testng-results>
